Determining if the pthread_create exist failed with the following output:
Change Dir: /home/faisal/roco222/arm_project/arm_bot_project/src/arm_bot/build/CMakeFiles/CMakeTmp

Run Build Command:"/usr/bin/make" "cmTC_0ed4a/fast"
/usr/bin/make -f CMakeFiles/cmTC_0ed4a.dir/build.make CMakeFiles/cmTC_0ed4a.dir/build
make[1]: Entering directory '/home/faisal/roco222/arm_project/arm_bot_project/src/arm_bot/build/CMakeFiles/CMakeTmp'
Building C object CMakeFiles/cmTC_0ed4a.dir/CheckSymbolExists.c.o
/usr/bin/cc     -o CMakeFiles/cmTC_0ed4a.dir/CheckSymbolExists.c.o   -c /home/faisal/roco222/arm_project/arm_bot_project/src/arm_bot/build/CMakeFiles/CMakeTmp/CheckSymbolExists.c
Linking C executable cmTC_0ed4a
/usr/bin/cmake -E cmake_link_script CMakeFiles/cmTC_0ed4a.dir/link.txt --verbose=1
/usr/bin/cc       CMakeFiles/cmTC_0ed4a.dir/CheckSymbolExists.c.o  -o cmTC_0ed4a -rdynamic 
CMakeFiles/cmTC_0ed4a.dir/CheckSymbolExists.c.o: In function `main':
CheckSymbolExists.c:(.text+0x16): undefined reference to `pthread_create'
collect2: error: ld returned 1 exit status
CMakeFiles/cmTC_0ed4a.dir/build.make:97: recipe for target 'cmTC_0ed4a' failed
make[1]: *** [cmTC_0ed4a] Error 1
make[1]: Leaving directory '/home/faisal/roco222/arm_project/arm_bot_project/src/arm_bot/build/CMakeFiles/CMakeTmp'
Makefile:126: recipe for target 'cmTC_0ed4a/fast' failed
make: *** [cmTC_0ed4a/fast] Error 2

File /home/faisal/roco222/arm_project/arm_bot_project/src/arm_bot/build/CMakeFiles/CMakeTmp/CheckSymbolExists.c:
/* */
#include <pthread.h>

int main(int argc, char** argv)
{
  (void)argv;
#ifndef pthread_create
  return ((int*)(&pthread_create))[argc];
#else
  (void)argc;
  return 0;
#endif
}

Determining if the function pthread_create exists in the pthreads failed with the following output:
Change Dir: /home/faisal/roco222/arm_project/arm_bot_project/src/arm_bot/build/CMakeFiles/CMakeTmp

Run Build Command:"/usr/bin/make" "cmTC_7c96f/fast"
/usr/bin/make -f CMakeFiles/cmTC_7c96f.dir/build.make CMakeFiles/cmTC_7c96f.dir/build
make[1]: Entering directory '/home/faisal/roco222/arm_project/arm_bot_project/src/arm_bot/build/CMakeFiles/CMakeTmp'
Building C object CMakeFiles/cmTC_7c96f.dir/CheckFunctionExists.c.o
/usr/bin/cc    -DCHECK_FUNCTION_EXISTS=pthread_create   -o CMakeFiles/cmTC_7c96f.dir/CheckFunctionExists.c.o   -c /usr/share/cmake-3.5/Modules/CheckFunctionExists.c
Linking C executable cmTC_7c96f
/usr/bin/cmake -E cmake_link_script CMakeFiles/cmTC_7c96f.dir/link.txt --verbose=1
/usr/bin/cc   -DCHECK_FUNCTION_EXISTS=pthread_create    CMakeFiles/cmTC_7c96f.dir/CheckFunctionExists.c.o  -o cmTC_7c96f -rdynamic -lpthreads 
/usr/bin/ld: cannot find -lpthreads
collect2: error: ld returned 1 exit status
CMakeFiles/cmTC_7c96f.dir/build.make:97: recipe for target 'cmTC_7c96f' failed
make[1]: *** [cmTC_7c96f] Error 1
make[1]: Leaving directory '/home/faisal/roco222/arm_project/arm_bot_project/src/arm_bot/build/CMakeFiles/CMakeTmp'
Makefile:126: recipe for target 'cmTC_7c96f/fast' failed
make: *** [cmTC_7c96f/fast] Error 2


