Determining if the pthread_create exist failed with the following output:
Change Dir: /home/faisal/roco222/arm_project/arm_bot_project/src/jointstate_to_plain/build/CMakeFiles/CMakeTmp

Run Build Command:"/usr/bin/make" "cmTC_ba5bc/fast"
/usr/bin/make -f CMakeFiles/cmTC_ba5bc.dir/build.make CMakeFiles/cmTC_ba5bc.dir/build
make[1]: Entering directory '/home/faisal/roco222/arm_project/arm_bot_project/src/jointstate_to_plain/build/CMakeFiles/CMakeTmp'
Building C object CMakeFiles/cmTC_ba5bc.dir/CheckSymbolExists.c.o
/usr/bin/cc     -o CMakeFiles/cmTC_ba5bc.dir/CheckSymbolExists.c.o   -c /home/faisal/roco222/arm_project/arm_bot_project/src/jointstate_to_plain/build/CMakeFiles/CMakeTmp/CheckSymbolExists.c
Linking C executable cmTC_ba5bc
/usr/bin/cmake -E cmake_link_script CMakeFiles/cmTC_ba5bc.dir/link.txt --verbose=1
/usr/bin/cc       CMakeFiles/cmTC_ba5bc.dir/CheckSymbolExists.c.o  -o cmTC_ba5bc -rdynamic 
CMakeFiles/cmTC_ba5bc.dir/CheckSymbolExists.c.o: In function `main':
CheckSymbolExists.c:(.text+0x16): undefined reference to `pthread_create'
collect2: error: ld returned 1 exit status
CMakeFiles/cmTC_ba5bc.dir/build.make:97: recipe for target 'cmTC_ba5bc' failed
make[1]: *** [cmTC_ba5bc] Error 1
make[1]: Leaving directory '/home/faisal/roco222/arm_project/arm_bot_project/src/jointstate_to_plain/build/CMakeFiles/CMakeTmp'
Makefile:126: recipe for target 'cmTC_ba5bc/fast' failed
make: *** [cmTC_ba5bc/fast] Error 2

File /home/faisal/roco222/arm_project/arm_bot_project/src/jointstate_to_plain/build/CMakeFiles/CMakeTmp/CheckSymbolExists.c:
/* */
#include <pthread.h>

int main(int argc, char** argv)
{
  (void)argv;
#ifndef pthread_create
  return ((int*)(&pthread_create))[argc];
#else
  (void)argc;
  return 0;
#endif
}

Determining if the function pthread_create exists in the pthreads failed with the following output:
Change Dir: /home/faisal/roco222/arm_project/arm_bot_project/src/jointstate_to_plain/build/CMakeFiles/CMakeTmp

Run Build Command:"/usr/bin/make" "cmTC_a4e3c/fast"
/usr/bin/make -f CMakeFiles/cmTC_a4e3c.dir/build.make CMakeFiles/cmTC_a4e3c.dir/build
make[1]: Entering directory '/home/faisal/roco222/arm_project/arm_bot_project/src/jointstate_to_plain/build/CMakeFiles/CMakeTmp'
Building C object CMakeFiles/cmTC_a4e3c.dir/CheckFunctionExists.c.o
/usr/bin/cc    -DCHECK_FUNCTION_EXISTS=pthread_create   -o CMakeFiles/cmTC_a4e3c.dir/CheckFunctionExists.c.o   -c /usr/share/cmake-3.5/Modules/CheckFunctionExists.c
Linking C executable cmTC_a4e3c
/usr/bin/cmake -E cmake_link_script CMakeFiles/cmTC_a4e3c.dir/link.txt --verbose=1
/usr/bin/cc   -DCHECK_FUNCTION_EXISTS=pthread_create    CMakeFiles/cmTC_a4e3c.dir/CheckFunctionExists.c.o  -o cmTC_a4e3c -rdynamic -lpthreads 
/usr/bin/ld: cannot find -lpthreads
collect2: error: ld returned 1 exit status
CMakeFiles/cmTC_a4e3c.dir/build.make:97: recipe for target 'cmTC_a4e3c' failed
make[1]: *** [cmTC_a4e3c] Error 1
make[1]: Leaving directory '/home/faisal/roco222/arm_project/arm_bot_project/src/jointstate_to_plain/build/CMakeFiles/CMakeTmp'
Makefile:126: recipe for target 'cmTC_a4e3c/fast' failed
make: *** [cmTC_a4e3c/fast] Error 2


